c:\users\sioh\source\repos\kakao_codingtest_study\studyproject\debug\vc142.pdb
c:\users\sioh\source\repos\kakao_codingtest_study\studyproject\debug\vc142.idb
c:\users\sioh\source\repos\kakao_codingtest_study\studyproject\debug\problem9.obj
c:\users\sioh\source\repos\kakao_codingtest_study\studyproject\debug\problem8.obj
c:\users\sioh\source\repos\kakao_codingtest_study\studyproject\debug\problem7.obj
c:\users\sioh\source\repos\kakao_codingtest_study\studyproject\debug\problem6.obj
c:\users\sioh\source\repos\kakao_codingtest_study\studyproject\debug\problem5.obj
c:\users\sioh\source\repos\kakao_codingtest_study\studyproject\debug\problem4.obj
c:\users\sioh\source\repos\kakao_codingtest_study\studyproject\debug\problem3.obj
c:\users\sioh\source\repos\kakao_codingtest_study\studyproject\debug\problem2.obj
c:\users\sioh\source\repos\kakao_codingtest_study\studyproject\debug\problem15.obj
c:\users\sioh\source\repos\kakao_codingtest_study\studyproject\debug\problem14.obj
c:\users\sioh\source\repos\kakao_codingtest_study\studyproject\debug\problem13.obj
c:\users\sioh\source\repos\kakao_codingtest_study\studyproject\debug\problem12.obj
c:\users\sioh\source\repos\kakao_codingtest_study\studyproject\debug\problem11.obj
c:\users\sioh\source\repos\kakao_codingtest_study\studyproject\debug\problem10.obj
c:\users\sioh\source\repos\kakao_codingtest_study\studyproject\debug\problem1.obj
c:\users\sioh\source\repos\kakao_codingtest_study\studyproject\debug\main.obj
c:\users\sioh\source\repos\kakao_codingtest_study\studyproject\debug\problem22.obj
c:\users\sioh\source\repos\kakao_codingtest_study\studyproject\debug\problem21.obj
c:\users\sioh\source\repos\kakao_codingtest_study\studyproject\debug\problem20.obj
c:\users\sioh\source\repos\kakao_codingtest_study\studyproject\debug\problem19.obj
c:\users\sioh\source\repos\kakao_codingtest_study\studyproject\debug\problem18.obj
c:\users\sioh\source\repos\kakao_codingtest_study\studyproject\debug\problem17.obj
c:\users\sioh\source\repos\kakao_codingtest_study\studyproject\debug\problem16.obj
c:\users\sioh\source\repos\kakao_codingtest_study\debug\studyproject.exe
c:\users\sioh\source\repos\kakao_codingtest_study\debug\studyproject.ilk
c:\users\sioh\source\repos\kakao_codingtest_study\debug\studyproject.pdb
c:\users\sioh\source\repos\kakao_codingtest_study\studyproject\debug\studyproject.tlog\cl.command.1.tlog
c:\users\sioh\source\repos\kakao_codingtest_study\studyproject\debug\studyproject.tlog\cl.read.1.tlog
c:\users\sioh\source\repos\kakao_codingtest_study\studyproject\debug\studyproject.tlog\cl.write.1.tlog
c:\users\sioh\source\repos\kakao_codingtest_study\studyproject\debug\studyproject.tlog\link.command.1.tlog
c:\users\sioh\source\repos\kakao_codingtest_study\studyproject\debug\studyproject.tlog\link.read.1.tlog
c:\users\sioh\source\repos\kakao_codingtest_study\studyproject\debug\studyproject.tlog\link.write.1.tlog
